
> meteor-mantra-kickstarter@0.2.1 run_development /home/you/projects/mmks
> meteor npm run envchk && . ~/.userVars.sh && ./.scripts/startInDevMode.sh


> meteor-mantra-kickstarter@0.2.1 envchk /home/you/projects/mmks
> .scripts/preFlightCheck.sh

 Env Vars :: Configure environment variables?
 Env Vars :: Environment variables seem ready.
PROJECT_ROOT=/home/you/projects/mmks
Current available space :  Storage -- 1.486GB   Memory -- 0.550GB

> meteor-mantra-kickstarter@0.2.1 knex_cont /home/you/projects/mmks
> export T=continuousIntegration; npm run knex_roll && npm run knex_make && npm run knex_seed;


> meteor-mantra-kickstarter@0.2.1 knex_roll /home/you/projects/mmks
> cd server/api/.knex && knex migrate:rollback --env ${T};

Using environment: continuousIntegration
Knex:warning - sqlite does not support inserting default values. Set the `useNullAsDefault` flag to hide this warning. (see docs http://knexjs.org/#Builder-insert).
Batch 1 rolled back: 1 migrations 
/home/you/projects/mmks/server/api/.knex/migrations/20170124204916_apollo.js

> meteor-mantra-kickstarter@0.2.1 knex_make /home/you/projects/mmks
> cd server/api/.knex && knex migrate:latest --env ${T};

Using environment: continuousIntegration
Knex:warning - sqlite does not support inserting default values. Set the `useNullAsDefault` flag to hide this warning. (see docs http://knexjs.org/#Builder-insert).
Batch 1 run: 1 migrations 
/home/you/projects/mmks/server/api/.knex/migrations/20170124204916_apollo.js

> meteor-mantra-kickstarter@0.2.1 knex_seed /home/you/projects/mmks
> cd server/api/.knex && knex seed:run --env ${T};

Using environment: continuousIntegration
Knex:warning - sqlite does not support inserting default values. Set the `useNullAsDefault` flag to hide this warning. (see docs http://knexjs.org/#Builder-insert).
Ran 2 seed files 
/home/you/projects/mmks/server/api/.knex/seeds/100_authors.js
/home/you/projects/mmks/server/api/.knex/seeds/200_books.js
Can't listen on port 3000. Perhaps another Meteor is running?

Running two copies of Meteor in the same application directory
will not work. If something else is using port 3000, you can
specify an alternative port with --port <port>.

npm ERR! Linux 4.4.0-64-generic
npm ERR! argv "/home/you/.meteor/packages/meteor-tool/.1.4.2_7.z6ybt6++os.linux.x86_64+web.browser+web.cordova/mt-os.linux.x86_64/dev_bundle/bin/node" "/home/you/.meteor/packages/meteor-tool/.1.4.2_7.z6ybt6++os.linux.x86_64+web.browser+web.cordova/mt-os.linux.x86_64/dev_bundle/bin/npm" "run" "run_development"
npm ERR! node v4.7.3
npm ERR! npm  v3.10.9
npm ERR! code ELIFECYCLE
npm ERR! meteor-mantra-kickstarter@0.2.1 run_development: `meteor npm run envchk && . ~/.userVars.sh && ./.scripts/startInDevMode.sh`
npm ERR! Exit status 254
npm ERR! 
npm ERR! Failed at the meteor-mantra-kickstarter@0.2.1 run_development script 'meteor npm run envchk && . ~/.userVars.sh && ./.scripts/startInDevMode.sh'.
npm ERR! Make sure you have the latest version of node.js and npm installed.
npm ERR! If you do, this is most likely a problem with the meteor-mantra-kickstarter package,
npm ERR! not with npm itself.
npm ERR! Tell the author that this fails on your system:
npm ERR!     meteor npm run envchk && . ~/.userVars.sh && ./.scripts/startInDevMode.sh
npm ERR! You can get information on how to open an issue for this project with:
npm ERR!     npm bugs meteor-mantra-kickstarter
npm ERR! Or if that isn't available, you can get their info via:
npm ERR!     npm owner ls meteor-mantra-kickstarter
npm ERR! There is likely additional logging output above.

npm ERR! Please include the following file with any support request:
npm ERR!     /home/you/projects/mmks/npm-debug.log

> meteor-mantra-kickstarter@0.2.1 run_development /home/you/projects/mmks
> meteor npm run envchk && . ~/.userVars.sh && ./.scripts/startInDevMode.sh


> meteor-mantra-kickstarter@0.2.1 envchk /home/you/projects/mmks
> .scripts/preFlightCheck.sh

 Env Vars :: Configure environment variables?
 Env Vars :: Environment variables seem ready.
PROJECT_ROOT=/home/you/projects/mmks
Current available space :  Storage -- 1.483GB   Memory -- 1.748GB

> meteor-mantra-kickstarter@0.2.1 knex_cont /home/you/projects/mmks
> export T=continuousIntegration; npm run knex_roll && npm run knex_make && npm run knex_seed;


> meteor-mantra-kickstarter@0.2.1 knex_roll /home/you/projects/mmks
> cd server/api/.knex && knex migrate:rollback --env ${T};

Using environment: continuousIntegration
Knex:warning - sqlite does not support inserting default values. Set the `useNullAsDefault` flag to hide this warning. (see docs http://knexjs.org/#Builder-insert).
Batch 1 rolled back: 1 migrations 
/home/you/projects/mmks/server/api/.knex/migrations/20170124204916_apollo.js

> meteor-mantra-kickstarter@0.2.1 knex_make /home/you/projects/mmks
> cd server/api/.knex && knex migrate:latest --env ${T};

Using environment: continuousIntegration
Knex:warning - sqlite does not support inserting default values. Set the `useNullAsDefault` flag to hide this warning. (see docs http://knexjs.org/#Builder-insert).
Batch 1 run: 1 migrations 
/home/you/projects/mmks/server/api/.knex/migrations/20170124204916_apollo.js

> meteor-mantra-kickstarter@0.2.1 knex_seed /home/you/projects/mmks
> cd server/api/.knex && knex seed:run --env ${T};

Using environment: continuousIntegration
Knex:warning - sqlite does not support inserting default values. Set the `useNullAsDefault` flag to hide this warning. (see docs http://knexjs.org/#Builder-insert).
Ran 2 seed files 
/home/you/projects/mmks/server/api/.knex/seeds/100_authors.js
/home/you/projects/mmks/server/api/.knex/seeds/200_books.js
[[[[[ ~/projects/mmks ]]]]]

=> Started proxy.
=> Started MongoDB.
[34mI20170222-10:58:16.878(-5)? [39m Meteor mode -- NOT "Production"; using SQLite
[34mI20170222-10:58:16.926(-5)? [39mExecuting (default): SELECT `_id`, `title`, `content`, `pages`, `deleted`, `deletedAt`, `createdAt`, `updatedAt`, `authorId` FROM `book` AS `book`;
[34mI20170222-10:58:16.926(-5)? [39m We got the first book --  Marketing Manager
=> Started your app.

=> App running at: http://3f7e22a3.ngrok.io:80

> meteor-mantra-kickstarter@0.2.1 run_development /home/you/projects/mmks
> meteor npm run envchk && . ~/.userVars.sh && ./.scripts/startInDevMode.sh


> meteor-mantra-kickstarter@0.2.1 envchk /home/you/projects/mmks
> .scripts/preFlightCheck.sh

 Env Vars :: Configure environment variables?
 Env Vars :: Environment variables seem ready.
PROJECT_ROOT=/home/you/projects/mmks
Current available space :  Storage -- 1.479GB   Memory -- 1.754GB

> meteor-mantra-kickstarter@0.2.1 knex_cont /home/you/projects/mmks
> export T=continuousIntegration; npm run knex_roll && npm run knex_make && npm run knex_seed;


> meteor-mantra-kickstarter@0.2.1 knex_roll /home/you/projects/mmks
> cd server/api/.knex && knex migrate:rollback --env ${T};

Using environment: continuousIntegration
Knex:warning - sqlite does not support inserting default values. Set the `useNullAsDefault` flag to hide this warning. (see docs http://knexjs.org/#Builder-insert).
Batch 1 rolled back: 1 migrations 
/home/you/projects/mmks/server/api/.knex/migrations/20170124204916_apollo.js

> meteor-mantra-kickstarter@0.2.1 knex_make /home/you/projects/mmks
> cd server/api/.knex && knex migrate:latest --env ${T};

Using environment: continuousIntegration
Knex:warning - sqlite does not support inserting default values. Set the `useNullAsDefault` flag to hide this warning. (see docs http://knexjs.org/#Builder-insert).
Batch 1 run: 1 migrations 
/home/you/projects/mmks/server/api/.knex/migrations/20170124204916_apollo.js

> meteor-mantra-kickstarter@0.2.1 knex_seed /home/you/projects/mmks
> cd server/api/.knex && knex seed:run --env ${T};

Using environment: continuousIntegration
Knex:warning - sqlite does not support inserting default values. Set the `useNullAsDefault` flag to hide this warning. (see docs http://knexjs.org/#Builder-insert).
Ran 2 seed files 
/home/you/projects/mmks/server/api/.knex/seeds/100_authors.js
/home/you/projects/mmks/server/api/.knex/seeds/200_books.js
[[[[[ ~/projects/mmks ]]]]]

=> Started proxy.
=> Started MongoDB.
[34mI20170222-11:05:20.143(-5)? [39m Meteor mode -- NOT "Production"; using SQLite
[34mI20170222-11:05:20.196(-5)? [39mExecuting (default): SELECT `_id`, `title`, `content`, `pages`, `deleted`, `deletedAt`, `createdAt`, `updatedAt`, `authorId` FROM `book` AS `book`;
[34mI20170222-11:05:20.197(-5)? [39m We got the first book --  Marketing Manager
=> Started your app.

=> App running at: http://3f7e22a3.ngrok.io:80
./.scripts/startInDevMode.sh: line 18: 18026 Killed                  meteor run --settings=settings.json

npm ERR! Linux 4.4.0-64-generic
npm ERR! argv "/home/you/.meteor/packages/meteor-tool/.1.4.2_7.z6ybt6++os.linux.x86_64+web.browser+web.cordova/mt-os.linux.x86_64/dev_bundle/bin/node" "/home/you/.meteor/packages/meteor-tool/.1.4.2_7.z6ybt6++os.linux.x86_64+web.browser+web.cordova/mt-os.linux.x86_64/dev_bundle/bin/npm" "run" "run_development"
npm ERR! node v4.7.3
npm ERR! npm  v3.10.9
npm ERR! code ELIFECYCLE
npm ERR! meteor-mantra-kickstarter@0.2.1 run_development: `meteor npm run envchk && . ~/.userVars.sh && ./.scripts/startInDevMode.sh`
npm ERR! Exit status 137
npm ERR! 
npm ERR! Failed at the meteor-mantra-kickstarter@0.2.1 run_development script 'meteor npm run envchk && . ~/.userVars.sh && ./.scripts/startInDevMode.sh'.
npm ERR! Make sure you have the latest version of node.js and npm installed.
npm ERR! If you do, this is most likely a problem with the meteor-mantra-kickstarter package,
npm ERR! not with npm itself.
npm ERR! Tell the author that this fails on your system:
npm ERR!     meteor npm run envchk && . ~/.userVars.sh && ./.scripts/startInDevMode.sh
npm ERR! You can get information on how to open an issue for this project with:
npm ERR!     npm bugs meteor-mantra-kickstarter
npm ERR! Or if that isn't available, you can get their info via:
npm ERR!     npm owner ls meteor-mantra-kickstarter
npm ERR! There is likely additional logging output above.

npm ERR! Please include the following file with any support request:
npm ERR!     /home/you/projects/mmks/npm-debug.log
